<?xml version="1.0" encoding="UTF-8"?>
<!-- Generated by org.testng.reporters.JUnitReportReporter -->
<testsuite hostname="DESKTOP-EDH3I02" failures="0" tests="1" name="com.timeTracking.actitime.Automation.moduleName.TestCaseNameTest" time="3.050" errors="0" timestamp="2022-10-20T21:10:18 IST" skipped="0">
  <testcase classname="com.timeTracking.actitime.Automation.moduleName.TestCaseNameTest" name="testCaseNameTest" time="3.050"/>
  <system-out/>
</testsuite> <!-- com.timeTracking.actitime.Automation.moduleName.TestCaseNameTest -->
