<?xml version="1.0" encoding="UTF-8"?>
<!-- Generated by org.testng.reporters.JUnitReportReporter -->
<testsuite hostname="DESKTOP-EDH3I02" failures="0" tests="1" name="com.timeTracking.actitime.Automation.moduleName.ClassBTest" time="0.005" errors="0" timestamp="2022-10-27T14:43:11 IST" skipped="0">
  <testcase classname="com.timeTracking.actitime.Automation.moduleName.ClassBTest" name="demo2" time="0.005"/>
  <system-out/>
</testsuite> <!-- com.timeTracking.actitime.Automation.moduleName.ClassBTest -->
